2025-08-01T14:15:43.326298131Z [1] "Load libraries"
2025-08-01T14:15:43.397364174Z here() starts at /workspace
2025-08-01T14:15:43.788339897Z 
2025-08-01T14:15:43.788380110Z Attaching package: ‘dplyr’
2025-08-01T14:15:43.788385129Z 
2025-08-01T14:15:43.789014259Z The following objects are masked from ‘package:stats’:
2025-08-01T14:15:43.789041368Z 
2025-08-01T14:15:43.789044477Z     filter, lag
2025-08-01T14:15:43.789046802Z 
2025-08-01T14:15:43.789173178Z The following objects are masked from ‘package:base’:
2025-08-01T14:15:43.789178333Z 
2025-08-01T14:15:43.789180487Z     intersect, setdiff, setequal, union
2025-08-01T14:15:43.789182428Z 
2025-08-01T14:15:43.790553670Z Loading required package: Matrix
2025-08-01T14:15:44.951375136Z Loaded glmnet 4.1-8
2025-08-01T14:15:44.953679969Z [1] "Creating output/lasso_var_selection output folder"
2025-08-01T14:15:45.053352390Z [1] "Source common functions"
2025-08-01T14:15:45.056884138Z [1] "Specify arguments"
2025-08-01T14:15:45.057424988Z [1] 2
2025-08-01T14:15:45.114175027Z [1] "Load data"
2025-08-01T14:15:45.202470472Z [1] "Processing Start"
2025-08-01T14:15:45.202514256Z [1] "Remove people with history of COVID-19"
2025-08-01T14:15:45.204494556Z [1] "Create exposure indicator"
2025-08-01T14:15:45.205627500Z [1] "Select for pre-existing conditions"
2025-08-01T14:15:45.205656710Z [1] "Define age groups"
2025-08-01T14:15:45.231482053Z [1] "Filter data"
2025-08-01T14:15:45.231941289Z [1] "Filter binary data"
2025-08-01T14:15:45.870137702Z [1] "Check exposure and outcome (acute MI)"
2025-08-01T14:15:45.870171042Z [1] "Exposure"
2025-08-01T14:15:45.870915398Z [1] FALSE FALSE  TRUE FALSE FALSE  TRUE
2025-08-01T14:15:45.870929992Z [1] "Outcome"
2025-08-01T14:15:45.871143975Z [1] "FALSE" "FALSE" "TRUE"  "FALSE" "TRUE"  "FALSE"
2025-08-01T14:15:45.871153886Z [1] "Convert explicit data type to binary where applicable"
2025-08-01T14:15:45.895023521Z   patient_id         exposed        cov_cat_sex        cov_cat_ethnicity 
2025-08-01T14:15:45.895059440Z  Length:4053        Mode :logical   Length:4053        Length:4053       
2025-08-01T14:15:45.895062708Z  Class :character   FALSE:2056      Class :character   Class :character  
2025-08-01T14:15:45.895064731Z  Mode  :character   TRUE :1997      Mode  :character   Mode  :character  
2025-08-01T14:15:45.895066644Z  cov_cat_imd        cov_cat_smoking    cov_cat_age_group  cov_cat_consrate2019
2025-08-01T14:15:45.895068726Z  Length:4053        Length:4053        Length:4053        Length:4053         
2025-08-01T14:15:45.895086818Z  Class :character   Class :character   Class :character   Class :character    
2025-08-01T14:15:45.895088761Z  Mode  :character   Mode  :character   Mode  :character   Mode  :character    
2025-08-01T14:15:45.895090366Z  strat_cat_region   cov_bin_carehome cov_bin_hcworker cov_bin_dementia
2025-08-01T14:15:45.895091882Z  Length:4053        Mode :logical    Mode :logical    Mode :logical   
2025-08-01T14:15:45.895093371Z  Class :character   FALSE:3404       FALSE:1845       FALSE:3560      
2025-08-01T14:15:45.895094859Z  Mode  :character   TRUE :649        TRUE :2208       TRUE :493       
2025-08-01T14:15:45.895096484Z  cov_bin_liver_disease cov_bin_ckd     cov_bin_cancer  cov_bin_hypertension
2025-08-01T14:15:45.895543558Z  Mode :logical         Mode :logical   Mode :logical   Mode :logical       
2025-08-01T14:15:45.895559674Z  FALSE:3258            FALSE:2945      FALSE:960       FALSE:1113          
2025-08-01T14:15:45.895562307Z  TRUE :795             TRUE :1108      TRUE :3093      TRUE :2940          
2025-08-01T14:15:45.895564879Z  cov_bin_diabetes cov_bin_obesity cov_bin_copd    cov_bin_ami    
2025-08-01T14:15:45.895566951Z  Mode :logical    Mode :logical   Mode :logical   Mode :logical  
2025-08-01T14:15:45.895569166Z  FALSE:1775       FALSE:3993      FALSE:1665      FALSE:2974     
2025-08-01T14:15:45.895571500Z  TRUE :2278       TRUE :60        TRUE :2388      TRUE :1079     
2025-08-01T14:15:45.895573222Z  cov_bin_depression cov_bin_stroke_all cov_bin_other_ae cov_bin_vte    
2025-08-01T14:15:45.895574992Z  Mode :logical      Mode :logical      Mode :logical    Mode :logical  
2025-08-01T14:15:45.895577118Z  FALSE:3002         FALSE:2577         FALSE:3621       FALSE:2649     
2025-08-01T14:15:45.895579023Z  TRUE :1051         TRUE :1476         TRUE :432        TRUE :1404     
2025-08-01T14:15:45.895580685Z  cov_bin_hf      cov_bin_angina  cov_bin_lipidmed cov_bin_antiplatelet
2025-08-01T14:15:45.895583112Z  Mode :logical   Mode :logical   Mode :logical    Mode :logical       
2025-08-01T14:15:45.895584919Z  FALSE:3611      FALSE:3664      FALSE:3290       FALSE:3741          
2025-08-01T14:15:45.895587234Z  TRUE :442       TRUE :389       TRUE :763        TRUE :312           
2025-08-01T14:15:45.895589232Z  cov_bin_anticoagulant cov_bin_cocp    cov_bin_hrt         All           
2025-08-01T14:15:45.895591330Z  Mode :logical         Mode :logical   Mode :logical   Length:4053       
2025-08-01T14:15:45.895593524Z  FALSE:3849            FALSE:3930      FALSE:3784      Class :character  
2025-08-01T14:15:45.895595810Z  TRUE :204             TRUE :123       TRUE :269       Mode  :character  
2025-08-01T14:15:45.895597725Z  [1] "patient_id"            "exposed"               "cov_cat_sex"          
2025-08-01T14:15:45.895600279Z  [4] "cov_cat_ethnicity"     "cov_cat_imd"           "cov_cat_smoking"      
2025-08-01T14:15:45.895602609Z  [7] "cov_cat_age_group"     "cov_cat_consrate2019"  "strat_cat_region"     
2025-08-01T14:15:45.895617724Z [10] "cov_bin_carehome"      "cov_bin_hcworker"      "cov_bin_dementia"     
2025-08-01T14:15:45.895620402Z [13] "cov_bin_liver_disease" "cov_bin_ckd"           "cov_bin_cancer"       
2025-08-01T14:15:45.895622660Z [16] "cov_bin_hypertension"  "cov_bin_diabetes"      "cov_bin_obesity"      
2025-08-01T14:15:45.895624996Z [19] "cov_bin_copd"          "cov_bin_ami"           "cov_bin_depression"   
2025-08-01T14:15:45.895627209Z [22] "cov_bin_stroke_all"    "cov_bin_other_ae"      "cov_bin_vte"          
2025-08-01T14:15:45.895629682Z [25] "cov_bin_hf"            "cov_bin_angina"        "cov_bin_lipidmed"     
2025-08-01T14:15:45.895633169Z [28] "cov_bin_antiplatelet"  "cov_bin_anticoagulant" "cov_bin_cocp"         
2025-08-01T14:15:45.895636017Z [31] "cov_bin_hrt"           "All"                  
2025-08-01T14:15:45.895638165Z [1] 32
2025-08-01T14:15:45.895640268Z [1] "LASSO data matrix setup"
2025-08-01T14:15:45.905939894Z [1] "Fitting the LASSO model"
2025-08-01T14:15:46.141777633Z [1] "Extract covariate selection results"
2025-08-01T14:15:46.142123322Z  [1] "cov_cat_sex"           "cov_cat_imd"           "cov_cat_smoking"      
2025-08-01T14:15:46.142135105Z  [4] "cov_cat_age_group"     "cov_cat_consrate2019"  "strat_cat_region"     
2025-08-01T14:15:46.142138247Z  [7] "cov_bin_carehome"      "cov_bin_hcworker"      "cov_bin_dementia"     
2025-08-01T14:15:46.142140979Z [10] "cov_bin_liver_disease" "cov_bin_ckd"           "cov_bin_cancer"       
2025-08-01T14:15:46.142143531Z [13] "cov_bin_hypertension"  "cov_bin_diabetes"      "cov_bin_obesity"      
2025-08-01T14:15:46.142145953Z [16] "cov_bin_depression"    "cov_bin_stroke_all"    "cov_bin_other_ae"     
2025-08-01T14:15:46.142148351Z [19] "cov_bin_vte"           "cov_bin_hf"            "cov_bin_angina"       
2025-08-01T14:15:46.142151258Z [22] "cov_bin_lipidmed"      "cov_bin_antiplatelet"  "cov_bin_hrt"          
2025-08-01T14:15:46.142181620Z [1] "Save Covariate Selection"


job_definition_id: 7z2xkquodzv66x2i
job_definition_request_id: b224088a6e
docker_image_id: sha256:13f6c027b613bda2d60fbc6dbcd8f7263e1224f1e45a4797375e438f28fd0e5d
exit_code: 0
created_at: 1754057622
completed_at: 1754057748
status_message: Completed successfully

outputs:
  output/lasso_var_selection/lasso_var_selection-cohort_prevax.csv  - moderately_sensitive
