2025-08-01T14:16:46.046251186Z [1] "Load packages"
2025-08-01T14:16:46.375062988Z 
2025-08-01T14:16:46.375097917Z Attaching package: ‘tidyr’
2025-08-01T14:16:46.375100720Z 
2025-08-01T14:16:46.376256446Z The following object is masked from ‘package:magrittr’:
2025-08-01T14:16:46.376294654Z 
2025-08-01T14:16:46.376299663Z     extract
2025-08-01T14:16:46.376303424Z 
2025-08-01T14:16:46.376309579Z [1] "Creating output/make_output output folder"
2025-08-01T14:16:46.501662455Z [1] "Specify arguments"
2025-08-01T14:16:46.501728072Z [1] "Separate cohorts"
2025-08-01T14:16:46.523716880Z [1] "Generate strings"
2025-08-01T14:16:46.523749739Z [1] "Create blank table"
2025-08-01T14:16:46.523754494Z [1] "Add output from each cohort"
2025-08-01T14:16:46.830949571Z Rows: 2 Columns: 8
2025-08-01T14:16:46.852375670Z ── Column specification ────────────────────────────────────────────────────────
2025-08-01T14:16:46.852423655Z Delimiter: ","
2025-08-01T14:16:46.852429235Z chr (1): name
2025-08-01T14:16:46.852432764Z dbl (7): only_gp_midpoint6, only_apc_midpoint6, only_death_midpoint6, gp_apc...
2025-08-01T14:16:46.866948121Z 
2025-08-01T14:16:46.866975732Z ℹ Use `spec()` to retrieve the full column specification for this data.
2025-08-01T14:16:46.866978574Z ℹ Specify the column types or set `show_col_types = FALSE` to quiet this message.
2025-08-01T14:16:46.872964440Z [1] "Save output"


job_definition_id: oldg5xdlvixh7opg
job_definition_request_id: b224088a6e
docker_image_id: sha256:13f6c027b613bda2d60fbc6dbcd8f7263e1224f1e45a4797375e438f28fd0e5d
exit_code: 0
created_at: 1754057622
completed_at: 1754057810
status_message: Completed successfully

outputs:
  output/make_output/venn_output_midpoint6.csv  - moderately_sensitive
