2025-08-01T14:15:46.257289778Z Warning message:
2025-08-01T14:15:46.257319168Z renv 0.16.0 was loaded from project library, but this project is configured to use renv ${VERSION}.
2025-08-01T14:15:46.257321676Z Use `renv::record("renv@0.16.0")` to record renv 0.16.0 in the lockfile.
2025-08-01T14:15:46.257323306Z Use `renv::restore(packages = "renv")` to install renv ${VERSION} into the project library. 
2025-08-01T14:15:46.293297996Z [1] "Load packages"
2025-08-01T14:15:46.870397630Z 
2025-08-01T14:15:46.870455219Z Attaching package: ‘lubridate’
2025-08-01T14:15:46.870463810Z 
2025-08-01T14:15:46.871954487Z The following objects are masked from ‘package:data.table’:
2025-08-01T14:15:46.871994346Z 
2025-08-01T14:15:46.872001564Z     hour, isoweek, mday, minute, month, quarter, second, wday, week,
2025-08-01T14:15:46.872006491Z     yday, year
2025-08-01T14:15:46.872010540Z 
2025-08-01T14:15:46.872237690Z The following objects are masked from ‘package:base’:
2025-08-01T14:15:46.872274483Z 
2025-08-01T14:15:46.872280233Z     date, intersect, setdiff, union
2025-08-01T14:15:46.872285083Z 
2025-08-01T14:15:46.872579181Z [1] "Source functions"
2025-08-01T14:15:46.874411419Z [[1]]
2025-08-01T14:15:46.874439176Z [[1]]$value
2025-08-01T14:15:46.875009251Z function (df) 
2025-08-01T14:15:46.875030221Z {
2025-08-01T14:15:46.875035440Z     if (nrow(df) != nrow(df[!is.na(df$patient_id), ])) {
2025-08-01T14:15:46.875039954Z         stop("Patient ID is not present for everyone in the dataset")
2025-08-01T14:15:46.875044588Z     }
2025-08-01T14:15:46.875048748Z     for (i in c("index_date", "exp_date", "out_date")) {
2025-08-01T14:15:46.875053334Z         if (!(i %in% colnames(df))) {
2025-08-01T14:15:46.875057218Z             stop(paste0(i, " is not in dataset"))
2025-08-01T14:15:46.875061422Z         }
2025-08-01T14:15:46.875065341Z         else {
2025-08-01T14:15:46.875069072Z             if (sapply(df[, i], lubridate::is.Date) == FALSE) {
2025-08-01T14:15:46.875073104Z                 stop(paste0(i, " does not have a date format"))
2025-08-01T14:15:46.875077171Z             }
2025-08-01T14:15:46.875080841Z         }
2025-08-01T14:15:46.875084528Z     }
2025-08-01T14:15:46.875088310Z     if (!("strat_cat_region" %in% colnames(df))) {
2025-08-01T14:15:46.875092326Z         stop("strat_cat_region is not in dataset")
2025-08-01T14:15:46.875096535Z     }
2025-08-01T14:15:46.875100140Z     for (i in colnames(df)[grepl("cov_bin_", colnames(df))]) {
2025-08-01T14:15:46.875104312Z         if (sapply(df[, i], is.factor) == FALSE) {
2025-08-01T14:15:46.875127894Z             stop(paste0(i, " is not a factor"))
2025-08-01T14:15:46.875133503Z         }
2025-08-01T14:15:46.875137499Z         else {
2025-08-01T14:15:46.875141360Z             if (length(sapply(df[, i], levels)) != 2) {
2025-08-01T14:15:46.875145555Z                 stop(paste0(i, " does not have two levels (levels = ", 
2025-08-01T14:15:46.875149821Z                   length(sapply(df[, i], levels)), ")"))
2025-08-01T14:15:46.875154026Z             }
2025-08-01T14:15:46.875157841Z         }
2025-08-01T14:15:46.875161622Z     }
2025-08-01T14:15:46.875165322Z     for (i in colnames(df)[grepl("cov_cat_", colnames(df))]) {
2025-08-01T14:15:46.875169346Z         if (sapply(df[, i], is.factor) == FALSE) {
2025-08-01T14:15:46.875173215Z             stop(paste0(i, " is not a factor"))
2025-08-01T14:15:46.875177121Z         }
2025-08-01T14:15:46.875180782Z     }
2025-08-01T14:15:46.875184552Z }
2025-08-01T14:15:46.875188265Z 
2025-08-01T14:15:46.875191995Z [[1]]$visible
2025-08-01T14:15:46.875196211Z [1] FALSE
2025-08-01T14:15:46.875200119Z 
2025-08-01T14:15:46.875203899Z 
2025-08-01T14:15:46.875226527Z [[2]]
2025-08-01T14:15:46.875231027Z [[2]]$value
2025-08-01T14:15:46.876098127Z function (name) 
2025-08-01T14:15:46.876131513Z {
2025-08-01T14:15:46.876137244Z     print("Load active analyses")
2025-08-01T14:15:46.876142100Z     active_analyses <- readr::read_rds("lib/active_analyses.rds")
2025-08-01T14:15:46.876147269Z     print("Filter active_analyses to model inputs to be prepared")
2025-08-01T14:15:46.876151629Z     active_analyses <- active_analyses[active_analyses$name == 
2025-08-01T14:15:46.876156471Z         name, ]
2025-08-01T14:15:46.876160790Z     if (nrow(active_analyses) == 0) {
2025-08-01T14:15:46.876164820Z         stop(paste0("Input: ", name, " does not match any analyses"))
2025-08-01T14:15:46.876169174Z     }
2025-08-01T14:15:46.876173117Z     print(paste0("Load data for ", active_analyses$name))
2025-08-01T14:15:46.876177316Z     input <- readr::read_rds(paste0("output/dataset_clean/input_", 
2025-08-01T14:15:46.876181683Z         active_analyses$cohort, "_clean.rds"))
2025-08-01T14:15:46.876185817Z     print("Restrict to required variables for dataset preparation")
2025-08-01T14:15:46.876190072Z     reqvars <- unique(c("patient_id", "index_date", "end_date_exposure", 
2025-08-01T14:15:46.876194693Z         "end_date_outcome", active_analyses$exposure, active_analyses$outcome, 
2025-08-01T14:15:46.876198954Z         active_analyses$strata, active_analyses$covariate_age, 
2025-08-01T14:15:46.876254145Z         "cov_cat_sex", "cov_cat_ethnicity", "cov_cat_smoking", 
2025-08-01T14:15:46.876260896Z         unlist(strsplit(active_analyses$covariate_other, split = ";")), 
2025-08-01T14:15:46.876265690Z         c(grep("sub_", colnames(input), value = TRUE)), "sup_bin_preex"))
2025-08-01T14:15:46.876270181Z     input <- input[, intersect(reqvars, colnames(input))]
2025-08-01T14:15:46.876274433Z     if (length(setdiff(reqvars, colnames(input))) > 0) {
2025-08-01T14:15:46.876278752Z         message("Variables (", setdiff(reqvars, colnames(input)), 
2025-08-01T14:15:46.876283042Z             ") not present in dataset")
2025-08-01T14:15:46.876287095Z     }
2025-08-01T14:15:46.876290858Z     print("Identify final list of variables to keep")
2025-08-01T14:15:46.876294911Z     keep <- c("patient_id", "index_date", "end_date_exposure", 
2025-08-01T14:15:46.876299355Z         "end_date_outcome", "exp_date", "out_date")
2025-08-01T14:15:46.876303704Z     varlists <- c("strata", "covariate_age", "covariate_sex", 
2025-08-01T14:15:46.876308225Z         "covariate_other")
2025-08-01T14:15:46.876312164Z     for (j in varlists) {
2025-08-01T14:15:46.876315933Z         if (active_analyses[, j] != "NULL") {
2025-08-01T14:15:46.876320098Z             keep <- c(keep, stringr::str_split(as.vector(active_analyses[, 
2025-08-01T14:15:46.876324314Z                 j]), ";")[[1]])
2025-08-01T14:15:46.876328336Z         }
2025-08-01T14:15:46.876332213Z     }
2025-08-01T14:15:46.876335907Z     input <- dplyr::rename(input, out_date = active_analyses$outcome, 
2025-08-01T14:15:46.876340018Z         exp_date = active_analyses$exposure)
2025-08-01T14:15:46.876343963Z     print("Remove outcomes outside of follow-up time")
2025-08-01T14:15:46.876348245Z     input <- input %>% dplyr::mutate(out_date = replace(out_date, 
2025-08-01T14:15:46.876352526Z         which(out_date > end_date_outcome | out_date < index_date), 
2025-08-01T14:15:46.876358564Z         NA), exp_date = replace(exp_date, which(exp_date > end_date_exposure | 
2025-08-01T14:15:46.876363095Z         exp_date < index_date), NA), sub_cat_covidhospital = replace(sub_cat_covidhospital, 
2025-08-01T14:15:46.876367486Z         which(is.na(exp_date)), "no_infection"))
2025-08-01T14:15:46.876371770Z     print("Update end date to be outcome date where applicable")
2025-08-01T14:15:46.876376122Z     input <- input %>% dplyr::rowwise() %>% dplyr::mutate(end_date_outcome = min(end_date_outcome, 
2025-08-01T14:15:46.876380786Z         out_date, na.rm = TRUE)) %>% dplyr::ungroup()
2025-08-01T14:15:46.876385334Z     return(list(input = input, keep = keep))
2025-08-01T14:15:46.876389372Z }
2025-08-01T14:15:46.876400056Z 
2025-08-01T14:15:46.876404733Z [[2]]$visible
2025-08-01T14:15:46.876408519Z [1] FALSE
2025-08-01T14:15:46.876412229Z 
2025-08-01T14:15:46.876415859Z 
2025-08-01T14:15:46.876423102Z [1] "Specify arguments"
2025-08-01T14:15:46.877117818Z [1] "Creating output/model output folder"
2025-08-01T14:15:46.959092442Z [1] "Load and prepare data for analysis"
2025-08-01T14:15:47.012892866Z [1] "Load active analyses"
2025-08-01T14:15:47.173594096Z [1] "Filter active_analyses to model inputs to be prepared"
2025-08-01T14:15:47.173616132Z [1] "Load data for cohort_prevax-main-ami"
2025-08-01T14:15:47.177329248Z [1] "Restrict to required variables for dataset preparation"
2025-08-01T14:15:47.178320422Z Variables (sup_bin_preex) not present in dataset
2025-08-01T14:15:47.178342008Z [1] "Identify final list of variables to keep"
2025-08-01T14:15:47.265008565Z [1] "Remove outcomes outside of follow-up time"
2025-08-01T14:15:47.287966366Z [1] "Update end date to be outcome date where applicable"
2025-08-01T14:15:47.446515628Z Warning messages:
2025-08-01T14:15:47.446548836Z 1: replacing previous import ‘ellipsis::check_dots_unnamed’ by ‘rlang::check_dots_unnamed’ when loading ‘tibble’ 
2025-08-01T14:15:47.446552010Z 2: replacing previous import ‘ellipsis::check_dots_used’ by ‘rlang::check_dots_used’ when loading ‘tibble’ 
2025-08-01T14:15:47.446553711Z 3: replacing previous import ‘ellipsis::check_dots_empty’ by ‘rlang::check_dots_empty’ when loading ‘tibble’ 
2025-08-01T14:15:47.446555225Z 4: replacing previous import ‘ellipsis::check_dots_unnamed’ by ‘rlang::check_dots_unnamed’ when loading ‘pillar’ 
2025-08-01T14:15:47.446557580Z 5: replacing previous import ‘ellipsis::check_dots_used’ by ‘rlang::check_dots_used’ when loading ‘pillar’ 
2025-08-01T14:15:47.446558918Z 6: replacing previous import ‘ellipsis::check_dots_empty’ by ‘rlang::check_dots_empty’ when loading ‘pillar’ 
2025-08-01T14:15:47.446511760Z [1] "Restrict to required population"
2025-08-01T14:15:47.446753178Z [1] "Perform subgroup-specific manipulation"
2025-08-01T14:15:47.446763042Z [1] "Make model input: main-ami"
2025-08-01T14:15:47.489563981Z [1] "Saved: output/model/model_input-cohort_prevax-main-ami.rds"


job_definition_id: ta4ohmzcsik37raa
job_definition_request_id: b224088a6e
docker_image_id: sha256:ef02d2a106a19e7d6a5d5a9b895969058ce5a89c6535f13c96d1d73fe995c657
exit_code: 0
created_at: 1754057622
completed_at: 1754057749
status_message: Completed successfully

outputs:
  output/model/model_input-cohort_prevax-main-ami.rds  - highly_sensitive
