2025-08-01T14:24:04.319950511Z Warning message:
2025-08-01T14:24:04.320021007Z renv 0.16.0 was loaded from project library, but this project is configured to use renv ${VERSION}.
2025-08-01T14:24:04.320027044Z Use `renv::record("renv@0.16.0")` to record renv 0.16.0 in the lockfile.
2025-08-01T14:24:04.320030867Z Use `renv::restore(packages = "renv")` to install renv ${VERSION} into the project library. 
2025-08-01T14:24:04.414420292Z [1] "Import libraries"
2025-08-01T14:24:05.739768772Z ── Attaching packages ─────────────────────────────────────── tidyverse 1.3.0 ──
2025-08-01T14:24:05.742267271Z ✔ ggplot2 3.4.2     ✔ purrr   0.3.4
2025-08-01T14:24:05.742288197Z ✔ tibble  3.0.3     ✔ dplyr   1.0.2
2025-08-01T14:24:05.742290229Z ✔ tidyr   1.1.2     ✔ stringr 1.4.0
2025-08-01T14:24:05.742291841Z ✔ readr   1.3.1     ✔ forcats 0.5.0
2025-08-01T14:24:05.799045874Z ── Conflicts ────────────────────────────────────────── tidyverse_conflicts() ──
2025-08-01T14:24:05.799087652Z ✖ dplyr::filter() masks stats::filter()
2025-08-01T14:24:05.799090147Z ✖ dplyr::lag()    masks stats::lag()
2025-08-01T14:24:05.800996398Z Warning messages:
2025-08-01T14:24:05.801024183Z 1: replacing previous import ‘ellipsis::check_dots_unnamed’ by ‘rlang::check_dots_unnamed’ when loading ‘tibble’ 
2025-08-01T14:24:05.801026167Z 2: replacing previous import ‘ellipsis::check_dots_used’ by ‘rlang::check_dots_used’ when loading ‘tibble’ 
2025-08-01T14:24:05.801027175Z 3: replacing previous import ‘ellipsis::check_dots_empty’ by ‘rlang::check_dots_empty’ when loading ‘tibble’ 
2025-08-01T14:24:05.801028490Z 4: replacing previous import ‘ellipsis::check_dots_unnamed’ by ‘rlang::check_dots_unnamed’ when loading ‘pillar’ 
2025-08-01T14:24:05.801029434Z 5: replacing previous import ‘ellipsis::check_dots_used’ by ‘rlang::check_dots_used’ when loading ‘pillar’ 
2025-08-01T14:24:05.801030320Z 6: replacing previous import ‘ellipsis::check_dots_empty’ by ‘rlang::check_dots_empty’ when loading ‘pillar’ 
2025-08-01T14:24:05.813903744Z here() starts at /workspace
2025-08-01T14:24:05.815060401Z [1] "Create output/dataset_definition directory"
2025-08-01T14:24:05.817137854Z [1] "Create study_dates"
2025-08-01T14:24:05.817428263Z [1] "Save study_dates"


job_definition_id: 63nzfln7uh6kjxq3
job_definition_request_id: 305d19a51c
docker_image_id: sha256:ef02d2a106a19e7d6a5d5a9b895969058ce5a89c6535f13c96d1d73fe995c657
exit_code: 0
created_at: 1754058235
completed_at: 1754058246
status_message: Completed successfully

outputs:
  output/study_dates.json  - highly_sensitive
