2025-08-01T14:16:39.106207085Z [1] "Load libraries"
2025-08-01T14:16:39.465329440Z 
2025-08-01T14:16:39.465361983Z Attaching package: ‘dplyr’
2025-08-01T14:16:39.465364507Z 
2025-08-01T14:16:39.466119325Z The following objects are masked from ‘package:data.table’:
2025-08-01T14:16:39.466128576Z 
2025-08-01T14:16:39.466129798Z     between, first, last
2025-08-01T14:16:39.466130766Z 
2025-08-01T14:16:39.466163731Z The following objects are masked from ‘package:stats’:
2025-08-01T14:16:39.466171995Z 
2025-08-01T14:16:39.466174299Z     filter, lag
2025-08-01T14:16:39.466175949Z 
2025-08-01T14:16:39.466466434Z The following objects are masked from ‘package:base’:
2025-08-01T14:16:39.466477565Z 
2025-08-01T14:16:39.466478888Z     intersect, setdiff, setequal, union
2025-08-01T14:16:39.466479865Z 
2025-08-01T14:16:39.466485245Z [1] "Creating output/venn output folder"
2025-08-01T14:16:39.524411455Z [1] "Source common functions"
2025-08-01T14:16:39.525255994Z [1] "Specify arguments"
2025-08-01T14:16:39.525262214Z [1] "Identify outcomes"
2025-08-01T14:16:39.525603646Z [1] "Load Venn data"
2025-08-01T14:16:39.527387950Z [1] "Create empty output table"
2025-08-01T14:16:39.527769614Z [1] "Populate Venn table for each outcome"
2025-08-01T14:16:39.572073383Z [1] "Name: cohort_prevax-main-ami"
2025-08-01T14:16:39.572103733Z [1] "Load model input data"
2025-08-01T14:16:39.575386943Z [1] "Filter Venn data based on model input"
2025-08-01T14:16:39.578785114Z [1] "Identify and add missing columns"
2025-08-01T14:16:39.579253225Z [1] "Calculate the number contributing to each source combination"
2025-08-01T14:16:39.580206626Z [1] "Record the number contributing to each source combination"
2025-08-01T14:16:39.587688354Z [1] "Replace source combinations with NA if not in study definition"
2025-08-01T14:16:39.587704586Z [1] "Name: cohort_prevax-main-stroke_sahhs"
2025-08-01T14:16:39.587707154Z [1] "Load model input data"
2025-08-01T14:16:39.590199779Z [1] "Filter Venn data based on model input"
2025-08-01T14:16:39.590720505Z [1] "Identify and add missing columns"
2025-08-01T14:16:39.590920748Z [1] "Calculate the number contributing to each source combination"
2025-08-01T14:16:39.591354209Z [1] "Record the number contributing to each source combination"
2025-08-01T14:16:39.595240124Z [1] "Replace source combinations with NA if not in study definition"
2025-08-01T14:16:39.595253531Z [1] "Save Venn data"
2025-08-01T14:16:39.596048415Z [1] "Perform redaction"
2025-08-01T14:16:39.598433050Z [1] "Save rounded Venn data"


job_definition_id: qmtdf4j4zukdqq3n
job_definition_request_id: b224088a6e
docker_image_id: sha256:13f6c027b613bda2d60fbc6dbcd8f7263e1224f1e45a4797375e438f28fd0e5d
exit_code: 0
created_at: 1754057622
completed_at: 1754057801
status_message: Completed successfully

outputs:
  output/venn/venn-cohort_prevax-midpoint6.csv  - moderately_sensitive
  output/venn/venn-cohort_prevax.csv            - moderately_sensitive
